<?xml version="1.0" encoding="UTF-8"?>
<!-- Generated by org.testng.reporters.JUnitXMLReporter -->
<testsuite hostname="AIPL-LT-623" ignored="0" name="Default test" tests="4" failures="0" timestamp="03 Oct 2017 06:33:25 GMT" time="81.177" errors="0">
  <testcase name="test1" time="22.475" classname="com.selenum.excel.TestExcel"/>
  <testcase name="test1" time="21.43" classname="com.selenum.excel.TestExcel"/>
  <testcase name="test1" time="17.393" classname="com.selenum.excel.TestExcel"/>
  <testcase name="test1" time="17.462" classname="com.selenum.excel.TestExcel"/>
</testsuite> <!-- Default test -->
