<?xml version="1.0" encoding="UTF-8"?>
<testng-results skipped="0" failed="0" ignored="0" total="4" passed="4">
  <reporter-output>
  </reporter-output>
  <suite name="Default suite" duration-ms="81177" started-at="2017-10-03T06:32:03Z" finished-at="2017-10-03T06:33:25Z">
    <groups>
    </groups>
    <test name="Default test" duration-ms="81177" started-at="2017-10-03T06:32:03Z" finished-at="2017-10-03T06:33:25Z">
      <class name="com.selenum.excel.TestExcel">
        <test-method status="PASS" signature="test1(java.lang.String, java.lang.String)[pri:0, instance:com.selenum.excel.TestExcel@6b09bb57]" name="test1" duration-ms="22475" started-at="2017-10-03T12:02:06Z" data-provider="data" finished-at="2017-10-03T12:02:28Z">
          <params>
            <param index="0">
              <value>
                <![CDATA[admin]]>
              </value>
            </param>
            <param index="1">
              <value>
                <![CDATA[demo12]]>
              </value>
            </param>
          </params>
          <reporter-output>
          </reporter-output>
        </test-method> <!-- test1 -->
        <test-method status="PASS" signature="test1(java.lang.String, java.lang.String)[pri:0, instance:com.selenum.excel.TestExcel@6b09bb57]" name="test1" duration-ms="21430" started-at="2017-10-03T12:02:28Z" data-provider="data" finished-at="2017-10-03T12:02:50Z">
          <params>
            <param index="0">
              <value>
                <![CDATA[admin]]>
              </value>
            </param>
            <param index="1">
              <value>
                <![CDATA[demo123]]>
              </value>
            </param>
          </params>
          <reporter-output>
          </reporter-output>
        </test-method> <!-- test1 -->
        <test-method status="PASS" signature="test1(java.lang.String, java.lang.String)[pri:0, instance:com.selenum.excel.TestExcel@6b09bb57]" name="test1" duration-ms="17393" started-at="2017-10-03T12:02:50Z" data-provider="data" finished-at="2017-10-03T12:03:07Z">
          <params>
            <param index="0">
              <value>
                <![CDATA[admin]]>
              </value>
            </param>
            <param index="1">
              <value>
                <![CDATA[demo1234]]>
              </value>
            </param>
          </params>
          <reporter-output>
          </reporter-output>
        </test-method> <!-- test1 -->
        <test-method status="PASS" signature="test1(java.lang.String, java.lang.String)[pri:0, instance:com.selenum.excel.TestExcel@6b09bb57]" name="test1" duration-ms="17462" started-at="2017-10-03T12:03:07Z" data-provider="data" finished-at="2017-10-03T12:03:25Z">
          <params>
            <param index="0">
              <value>
                <![CDATA[admin1]]>
              </value>
            </param>
            <param index="1">
              <value>
                <![CDATA[demo12345]]>
              </value>
            </param>
          </params>
          <reporter-output>
          </reporter-output>
        </test-method> <!-- test1 -->
      </class> <!-- com.selenum.excel.TestExcel -->
    </test> <!-- Default test -->
  </suite> <!-- Default suite -->
</testng-results>
